# JRE version: OpenJDK Runtime Environment (8.0_152-b01) (build 1.8.0_152-release-915-b01)
# Java VM: OpenJDK 64-Bit Server VM (25.152-b01 mixed mode linux-amd64 compressed oops)
Heap:
 PSYoungGen      total 334848K, used 33001K [0x00000000e0000000, 0x00000000f8a80000, 0x0000000100000000)
  eden space 279552K, 0% used [0x00000000e0000000,0x00000000e0000000,0x00000000f1100000)
  from space 55296K, 59% used [0x00000000f1e80000,0x00000000f3eba750,0x00000000f5480000)
  to   space 12800K, 0% used [0x00000000f7e00000,0x00000000f7e00000,0x00000000f8a80000)
 ParOldGen       total 97280K, used 76443K [0x00000000a0000000, 0x00000000a5f00000, 0x00000000e0000000)
  object space 97280K, 78% used [0x00000000a0000000,0x00000000a4aa6fb8,0x00000000a5f00000)
 Metaspace       used 74761K, capacity 79574K, committed 79636K, reserved 1118208K
  class space    used 9434K, capacity 10512K, committed 10556K, reserved 1048576K
GC Heap History (10 events):
Event: 952.386 GC heap after
Heap after GC invocations=23 (full 3):
 PSYoungGen      total 354816K, used 25672K [0x00000000e0000000, 0x00000000f8d00000, 0x0000000100000000)
  eden space 317440K, 0% used [0x00000000e0000000,0x00000000e0000000,0x00000000f3600000)
  from space 37376K, 68% used [0x00000000f6880000,0x00000000f81923c0,0x00000000f8d00000)
  to   space 44544K, 0% used [0x00000000f3600000,0x00000000f3600000,0x00000000f6180000)
 ParOldGen       total 97280K, used 46340K [0x00000000a0000000, 0x00000000a5f00000, 0x00000000e0000000)
  object space 97280K, 47% used [0x00000000a0000000,0x00000000a2d413e0,0x00000000a5f00000)
 Metaspace       used 73158K, capacity 76968K, committed 77204K, reserved 1116160K
  class space    used 9277K, capacity 10149K, committed 10172K, reserved 1048576K
}
Event: 954.296 GC heap before
{Heap before GC invocations=24 (full 3):
 PSYoungGen      total 354816K, used 343112K [0x00000000e0000000, 0x00000000f8d00000, 0x0000000100000000)
  eden space 317440K, 100% used [0x00000000e0000000,0x00000000f3600000,0x00000000f3600000)
  from space 37376K, 68% used [0x00000000f6880000,0x00000000f81923c0,0x00000000f8d00000)
  to   space 44544K, 0% used [0x00000000f3600000,0x00000000f3600000,0x00000000f6180000)
 ParOldGen       total 97280K, used 46340K [0x00000000a0000000, 0x00000000a5f00000, 0x00000000e0000000)
  object space 97280K, 47% used [0x00000000a0000000,0x00000000a2d413e0,0x00000000a5f00000)
 Metaspace       used 73432K, capacity 77280K, committed 77460K, reserved 1116160K
  class space    used 9282K, capacity 10157K, committed 10172K, reserved 1048576K
Event: 954.317 GC heap after
Heap after GC invocations=24 (full 3):
 PSYoungGen      total 361984K, used 24744K [0x00000000e0000000, 0x00000000fb500000, 0x0000000100000000)
  eden space 317440K, 0% used [0x00000000e0000000,0x00000000e0000000,0x00000000f3600000)
  from space 44544K, 55% used [0x00000000f3600000,0x00000000f4e2a3e0,0x00000000f6180000)
  to   space 44032K, 0% used [0x00000000f8a00000,0x00000000f8a00000,0x00000000fb500000)
 ParOldGen       total 97280K, used 46348K [0x00000000a0000000, 0x00000000a5f00000, 0x00000000e0000000)
  object space 97280K, 47% used [0x00000000a0000000,0x00000000a2d433e0,0x00000000a5f00000)
 Metaspace       used 73432K, capacity 77280K, committed 77460K, reserved 1116160K
  class space    used 9282K, capacity 10157K, committed 10172K, reserved 1048576K
}
Event: 1094.957 GC heap before
{Heap before GC invocations=25 (full 3):
 PSYoungGen      total 361984K, used 340902K [0x00000000e0000000, 0x00000000fb500000, 0x0000000100000000)
  eden space 317440K, 99% used [0x00000000e0000000,0x00000000f34bf6c8,0x00000000f3600000)
  from space 44544K, 55% used [0x00000000f3600000,0x00000000f4e2a3e0,0x00000000f6180000)
  to   space 44032K, 0% used [0x00000000f8a00000,0x00000000f8a00000,0x00000000fb500000)
 ParOldGen       total 97280K, used 46348K [0x00000000a0000000, 0x00000000a5f00000, 0x00000000e0000000)
  object space 97280K, 47% used [0x00000000a0000000,0x00000000a2d433e0,0x00000000a5f00000)
 Metaspace       used 74034K, capacity 78438K, committed 78740K, reserved 1118208K
  class space    used 9370K, capacity 10338K, committed 10428K, reserved 1048576K
Event: 1095.015 GC heap after
Heap after GC invocations=25 (full 3):
 PSYoungGen      total 338944K, used 34613K [0x00000000e0000000, 0x00000000fac00000, 0x0000000100000000)
  eden space 304128K, 0% used [0x00000000e0000000,0x00000000e0000000,0x00000000f2900000)
  from space 34816K, 99% used [0x00000000f8a00000,0x00000000fabcd700,0x00000000fac00000)
  to   space 46592K, 0% used [0x00000000f5100000,0x00000000f5100000,0x00000000f7e80000)
 ParOldGen       total 97280K, used 46356K [0x00000000a0000000, 0x00000000a5f00000, 0x00000000e0000000)
  object space 97280K, 47% used [0x00000000a0000000,0x00000000a2d453e0,0x00000000a5f00000)
 Metaspace       used 74034K, capacity 78438K, committed 78740K, reserved 1118208K
  class space    used 9370K, capacity 10338K, committed 10428K, reserved 1048576K
}
Event: 1184.779 GC heap before
{Heap before GC invocations=26 (full 3):
 PSYoungGen      total 338944K, used 338741K [0x00000000e0000000, 0x00000000fac00000, 0x0000000100000000)
  eden space 304128K, 100% used [0x00000000e0000000,0x00000000f2900000,0x00000000f2900000)
  from space 34816K, 99% used [0x00000000f8a00000,0x00000000fabcd700,0x00000000fac00000)
  to   space 46592K, 0% used [0x00000000f5100000,0x00000000f5100000,0x00000000f7e80000)
 ParOldGen       total 97280K, used 46356K [0x00000000a0000000, 0x00000000a5f00000, 0x00000000e0000000)
  object space 97280K, 47% used [0x00000000a0000000,0x00000000a2d453e0,0x00000000a5f00000)
 Metaspace       used 74269K, capacity 78794K, committed 78996K, reserved 1118208K
  class space    used 9391K, capacity 10396K, committed 10428K, reserved 1048576K
Event: 1184.825 GC heap after
Heap after GC invocations=26 (full 3):
 PSYoungGen      total 337408K, used 45921K [0x00000000e0000000, 0x00000000f8a80000, 0x0000000100000000)
  eden space 291328K, 0% used [0x00000000e0000000,0x00000000e0000000,0x00000000f1c80000)
  from space 46080K, 99% used [0x00000000f5100000,0x00000000f7dd84a0,0x00000000f7e00000)
  to   space 12800K, 0% used [0x00000000f7e00000,0x00000000f7e00000,0x00000000f8a80000)
 ParOldGen       total 97280K, used 50827K [0x00000000a0000000, 0x00000000a5f00000, 0x00000000e0000000)
  object space 97280K, 52% used [0x00000000a0000000,0x00000000a31a2f80,0x00000000a5f00000)
 Metaspace       used 74269K, capacity 78794K, committed 78996K, reserved 1118208K
  class space    used 9391K, capacity 10396K, committed 10428K, reserved 1048576K
}
Event: 1437.987 GC heap before
{Heap before GC invocations=27 (full 3):
 PSYoungGen      total 337408K, used 335112K [0x00000000e0000000, 0x00000000f8a80000, 0x0000000100000000)
  eden space 291328K, 99% used [0x00000000e0000000,0x00000000f1a69ea8,0x00000000f1c80000)
  from space 46080K, 99% used [0x00000000f5100000,0x00000000f7dd84a0,0x00000000f7e00000)
  to   space 12800K, 0% used [0x00000000f7e00000,0x00000000f7e00000,0x00000000f8a80000)
 ParOldGen       total 97280K, used 50827K [0x00000000a0000000, 0x00000000a5f00000, 0x00000000e0000000)
  object space 97280K, 52% used [0x00000000a0000000,0x00000000a31a2f80,0x00000000a5f00000)
 Metaspace       used 74588K, capacity 79242K, committed 79380K, reserved 1118208K
  class space    used 9415K, capacity 10478K, committed 10556K, reserved 1048576K
Event: 1438.078 GC heap after
Heap after GC invocations=27 (full 3):
 PSYoungGen      total 292352K, used 12788K [0x00000000e0000000, 0x00000000f8a80000, 0x0000000100000000)
  eden space 279552K, 0% used [0x00000000e0000000,0x00000000e0000000,0x00000000f1100000)
  from space 12800K, 99% used [0x00000000f7e00000,0x00000000f8a7d0d8,0x00000000f8a80000)
  to   space 55296K, 0% used [0x00000000f1e80000,0x00000000f1e80000,0x00000000f5480000)
 ParOldGen       total 97280K, used 76443K [0x00000000a0000000, 0x00000000a5f00000, 0x00000000e0000000)
  object space 97280K, 78% used [0x00000000a0000000,0x00000000a4aa6fb8,0x00000000a5f00000)
 Metaspace       used 74588K, capacity 79242K, committed 79380K, reserved 1118208K
  class space    used 9415K, capacity 10478K, committed 10556K, reserved 1048576K
}
Event: 1441.467 GC heap before
{Heap before GC invocations=28 (full 3):
 PSYoungGen      total 292352K, used 289667K [0x00000000e0000000, 0x00000000f8a80000, 0x0000000100000000)
  eden space 279552K, 99% used [0x00000000e0000000,0x00000000f0e63d28,0x00000000f1100000)
  from space 12800K, 99% used [0x00000000f7e00000,0x00000000f8a7d0d8,0x00000000f8a80000)
  to   space 55296K, 0% used [0x00000000f1e80000,0x00000000f1e80000,0x00000000f5480000)
 ParOldGen       total 97280K, used 76443K [0x00000000a0000000, 0x00000000a5f00000, 0x00000000e0000000)
  object space 97280K, 78% used [0x00000000a0000000,0x00000000a4aa6fb8,0x00000000a5f00000)
 Metaspace       used 74761K, capacity 79574K, committed 79636K, reserved 1118208K
  class space    used 9434K, capacity 10512K, committed 10556K, reserved 1048576K

