# JRE version: OpenJDK Runtime Environment (8.0_152-b01) (build 1.8.0_152-release-915-b01)
# Java VM: OpenJDK 64-Bit Server VM (25.152-b01 mixed mode linux-amd64 compressed oops)
Heap:
 PSYoungGen      total 472576K, used 17927K [0x00000000e0000000, 0x00000000ff800000, 0x0000000100000000)
  eden space 429056K, 0% used [0x00000000e0000000,0x00000000e0000000,0x00000000fa300000)
  from space 43520K, 41% used [0x00000000fa300000,0x00000000fb481f48,0x00000000fcd80000)
  to   space 36352K, 0% used [0x00000000fd480000,0x00000000fd480000,0x00000000ff800000)
 ParOldGen       total 139264K, used 68596K [0x00000000a0000000, 0x00000000a8800000, 0x00000000e0000000)
  object space 139264K, 49% used [0x00000000a0000000,0x00000000a42fd390,0x00000000a8800000)
 Metaspace       used 72969K, capacity 76334K, committed 76504K, reserved 1116160K
  class space    used 9180K, capacity 9928K, committed 9984K, reserved 1048576K
GC Heap History (10 events):
Event: 173.418 GC heap after
Heap after GC invocations=24 (full 3):
 PSYoungGen      total 304640K, used 21211K [0x00000000e0000000, 0x00000000fa580000, 0x0000000100000000)
  eden space 255488K, 0% used [0x00000000e0000000,0x00000000e0000000,0x00000000ef980000)
  from space 49152K, 43% used [0x00000000ef980000,0x00000000f0e36e38,0x00000000f2980000)
  to   space 47104K, 0% used [0x00000000f7780000,0x00000000f7780000,0x00000000fa580000)
 ParOldGen       total 95232K, used 81554K [0x00000000a0000000, 0x00000000a5d00000, 0x00000000e0000000)
  object space 95232K, 85% used [0x00000000a0000000,0x00000000a4fa4bb8,0x00000000a5d00000)
 Metaspace       used 71183K, capacity 73978K, committed 74328K, reserved 1114112K
  class space    used 9106K, capacity 9740K, committed 9856K, reserved 1048576K
}
Event: 173.418 GC heap before
{Heap before GC invocations=25 (full 4):
 PSYoungGen      total 304640K, used 21211K [0x00000000e0000000, 0x00000000fa580000, 0x0000000100000000)
  eden space 255488K, 0% used [0x00000000e0000000,0x00000000e0000000,0x00000000ef980000)
  from space 49152K, 43% used [0x00000000ef980000,0x00000000f0e36e38,0x00000000f2980000)
  to   space 47104K, 0% used [0x00000000f7780000,0x00000000f7780000,0x00000000fa580000)
 ParOldGen       total 95232K, used 81554K [0x00000000a0000000, 0x00000000a5d00000, 0x00000000e0000000)
  object space 95232K, 85% used [0x00000000a0000000,0x00000000a4fa4bb8,0x00000000a5d00000)
 Metaspace       used 71183K, capacity 73978K, committed 74328K, reserved 1114112K
  class space    used 9106K, capacity 9740K, committed 9856K, reserved 1048576K
Event: 173.767 GC heap after
Heap after GC invocations=25 (full 4):
 PSYoungGen      total 304640K, used 0K [0x00000000e0000000, 0x00000000fa580000, 0x0000000100000000)
  eden space 255488K, 0% used [0x00000000e0000000,0x00000000e0000000,0x00000000ef980000)
  from space 49152K, 0% used [0x00000000ef980000,0x00000000ef980000,0x00000000f2980000)
  to   space 47104K, 0% used [0x00000000f7780000,0x00000000f7780000,0x00000000fa580000)
 ParOldGen       total 139264K, used 65347K [0x00000000a0000000, 0x00000000a8800000, 0x00000000e0000000)
  object space 139264K, 46% used [0x00000000a0000000,0x00000000a3fd0c18,0x00000000a8800000)
 Metaspace       used 71162K, capacity 73916K, committed 74328K, reserved 1114112K
  class space    used 9098K, capacity 9727K, committed 9856K, reserved 1048576K
}
Event: 846.082 GC heap before
{Heap before GC invocations=26 (full 4):
 PSYoungGen      total 304640K, used 255488K [0x00000000e0000000, 0x00000000fa580000, 0x0000000100000000)
  eden space 255488K, 100% used [0x00000000e0000000,0x00000000ef980000,0x00000000ef980000)
  from space 49152K, 0% used [0x00000000ef980000,0x00000000ef980000,0x00000000f2980000)
  to   space 47104K, 0% used [0x00000000f7780000,0x00000000f7780000,0x00000000fa580000)
 ParOldGen       total 139264K, used 65347K [0x00000000a0000000, 0x00000000a8800000, 0x00000000e0000000)
  object space 139264K, 46% used [0x00000000a0000000,0x00000000a3fd0c18,0x00000000a8800000)
 Metaspace       used 71723K, capacity 74662K, committed 74840K, reserved 1114112K
  class space    used 9121K, capacity 9786K, committed 9856K, reserved 1048576K
Event: 846.101 GC heap after
Heap after GC invocations=26 (full 4):
 PSYoungGen      total 380416K, used 12210K [0x00000000e0000000, 0x00000000fa200000, 0x0000000100000000)
  eden space 336896K, 0% used [0x00000000e0000000,0x00000000e0000000,0x00000000f4900000)
  from space 43520K, 28% used [0x00000000f7780000,0x00000000f836c978,0x00000000fa200000)
  to   space 45568K, 0% used [0x00000000f4900000,0x00000000f4900000,0x00000000f7580000)
 ParOldGen       total 139264K, used 65355K [0x00000000a0000000, 0x00000000a8800000, 0x00000000e0000000)
  object space 139264K, 46% used [0x00000000a0000000,0x00000000a3fd2c18,0x00000000a8800000)
 Metaspace       used 71723K, capacity 74662K, committed 74840K, reserved 1114112K
  class space    used 9121K, capacity 9786K, committed 9856K, reserved 1048576K
}
Event: 1546.474 GC heap before
{Heap before GC invocations=27 (full 4):
 PSYoungGen      total 380416K, used 349106K [0x00000000e0000000, 0x00000000fa200000, 0x0000000100000000)
  eden space 336896K, 100% used [0x00000000e0000000,0x00000000f4900000,0x00000000f4900000)
  from space 43520K, 28% used [0x00000000f7780000,0x00000000f836c978,0x00000000fa200000)
  to   space 45568K, 0% used [0x00000000f4900000,0x00000000f4900000,0x00000000f7580000)
 ParOldGen       total 139264K, used 65355K [0x00000000a0000000, 0x00000000a8800000, 0x00000000e0000000)
  object space 139264K, 46% used [0x00000000a0000000,0x00000000a3fd2c18,0x00000000a8800000)
 Metaspace       used 72218K, capacity 75366K, committed 75608K, reserved 1116160K
  class space    used 9144K, capacity 9846K, committed 9856K, reserved 1048576K
Event: 1546.489 GC heap after
Heap after GC invocations=27 (full 4):
 PSYoungGen      total 382464K, used 6934K [0x00000000e0000000, 0x0000000100000000, 0x0000000100000000)
  eden space 336896K, 0% used [0x00000000e0000000,0x00000000e0000000,0x00000000f4900000)
  from space 45568K, 15% used [0x00000000f4900000,0x00000000f4fc5a98,0x00000000f7580000)
  to   space 44544K, 0% used [0x00000000fd480000,0x00000000fd480000,0x0000000100000000)
 ParOldGen       total 139264K, used 67241K [0x00000000a0000000, 0x00000000a8800000, 0x00000000e0000000)
  object space 139264K, 48% used [0x00000000a0000000,0x00000000a41aa500,0x00000000a8800000)
 Metaspace       used 72218K, capacity 75366K, committed 75608K, reserved 1116160K
  class space    used 9144K, capacity 9846K, committed 9856K, reserved 1048576K
}
Event: 2159.695 GC heap before
{Heap before GC invocations=28 (full 4):
 PSYoungGen      total 382464K, used 343830K [0x00000000e0000000, 0x0000000100000000, 0x0000000100000000)
  eden space 336896K, 100% used [0x00000000e0000000,0x00000000f4900000,0x00000000f4900000)
  from space 45568K, 15% used [0x00000000f4900000,0x00000000f4fc5a98,0x00000000f7580000)
  to   space 44544K, 0% used [0x00000000fd480000,0x00000000fd480000,0x0000000100000000)
 ParOldGen       total 139264K, used 67241K [0x00000000a0000000, 0x00000000a8800000, 0x00000000e0000000)
  object space 139264K, 48% used [0x00000000a0000000,0x00000000a41aa500,0x00000000a8800000)
 Metaspace       used 72694K, capacity 76074K, committed 76248K, reserved 1116160K
  class space    used 9178K, capacity 9928K, committed 9984K, reserved 1048576K
Event: 2159.895 GC heap after
Heap after GC invocations=28 (full 4):
 PSYoungGen      total 465408K, used 6774K [0x00000000e0000000, 0x00000000ff800000, 0x0000000100000000)
  eden space 429056K, 0% used [0x00000000e0000000,0x00000000e0000000,0x00000000fa300000)
  from space 36352K, 18% used [0x00000000fd480000,0x00000000fdb1da78,0x00000000ff800000)
  to   space 43520K, 0% used [0x00000000fa300000,0x00000000fa300000,0x00000000fcd80000)
 ParOldGen       total 139264K, used 67603K [0x00000000a0000000, 0x00000000a8800000, 0x00000000e0000000)
  object space 139264K, 48% used [0x00000000a0000000,0x00000000a4204d88,0x00000000a8800000)
 Metaspace       used 72694K, capacity 76074K, committed 76248K, reserved 1116160K
  class space    used 9178K, capacity 9928K, committed 9984K, reserved 1048576K
}
Event: 2177.496 GC heap before
{Heap before GC invocations=29 (full 4):
 PSYoungGen      total 465408K, used 435830K [0x00000000e0000000, 0x00000000ff800000, 0x0000000100000000)
  eden space 429056K, 100% used [0x00000000e0000000,0x00000000fa300000,0x00000000fa300000)
  from space 36352K, 18% used [0x00000000fd480000,0x00000000fdb1da78,0x00000000ff800000)
  to   space 43520K, 0% used [0x00000000fa300000,0x00000000fa300000,0x00000000fcd80000)
 ParOldGen       total 139264K, used 67603K [0x00000000a0000000, 0x00000000a8800000, 0x00000000e0000000)
  object space 139264K, 48% used [0x00000000a0000000,0x00000000a4204d88,0x00000000a8800000)
 Metaspace       used 72969K, capacity 76334K, committed 76504K, reserved 1116160K
  class space    used 9180K, capacity 9928K, committed 9984K, reserved 1048576K

