# JRE version: OpenJDK Runtime Environment (8.0_152-b01) (build 1.8.0_152-release-915-b01)
# Java VM: OpenJDK 64-Bit Server VM (25.152-b01 mixed mode linux-amd64 compressed oops)
Heap:
 PSYoungGen      total 347136K, used 28684K [0x00000000e0000000, 0x00000000f7a80000, 0x0000000100000000)
  eden space 310784K, 0% used [0x00000000e0000000,0x00000000e0000000,0x00000000f2f80000)
  from space 36352K, 78% used [0x00000000f2f80000,0x00000000f4b83200,0x00000000f5300000)
  to   space 34304K, 0% used [0x00000000f5300000,0x00000000f5300000,0x00000000f7480000)
 ParOldGen       total 95232K, used 71319K [0x00000000a0000000, 0x00000000a5d00000, 0x00000000e0000000)
  object space 95232K, 74% used [0x00000000a0000000,0x00000000a45a5d60,0x00000000a5d00000)
 Metaspace       used 81615K, capacity 85814K, committed 86164K, reserved 1124352K
  class space    used 10341K, capacity 11345K, committed 11452K, reserved 1048576K
GC Heap History (10 events):
Event: 214.252 GC heap after
Heap after GC invocations=19 (full 3):
 PSYoungGen      total 280064K, used 21473K [0x00000000e0000000, 0x00000000f5180000, 0x0000000100000000)
  eden space 258560K, 0% used [0x00000000e0000000,0x00000000e0000000,0x00000000efc80000)
  from space 21504K, 99% used [0x00000000f1680000,0x00000000f2b78520,0x00000000f2b80000)
  to   space 26624K, 0% used [0x00000000efc80000,0x00000000efc80000,0x00000000f1680000)
 ParOldGen       total 95232K, used 49878K [0x00000000a0000000, 0x00000000a5d00000, 0x00000000e0000000)
  object space 95232K, 52% used [0x00000000a0000000,0x00000000a30b5828,0x00000000a5d00000)
 Metaspace       used 70079K, capacity 73594K, committed 73748K, reserved 1114112K
  class space    used 9157K, capacity 10011K, committed 10044K, reserved 1048576K
}
Event: 217.263 GC heap before
{Heap before GC invocations=20 (full 3):
 PSYoungGen      total 280064K, used 280033K [0x00000000e0000000, 0x00000000f5180000, 0x0000000100000000)
  eden space 258560K, 100% used [0x00000000e0000000,0x00000000efc80000,0x00000000efc80000)
  from space 21504K, 99% used [0x00000000f1680000,0x00000000f2b78520,0x00000000f2b80000)
  to   space 26624K, 0% used [0x00000000efc80000,0x00000000efc80000,0x00000000f1680000)
 ParOldGen       total 95232K, used 49878K [0x00000000a0000000, 0x00000000a5d00000, 0x00000000e0000000)
  object space 95232K, 52% used [0x00000000a0000000,0x00000000a30b5828,0x00000000a5d00000)
 Metaspace       used 71239K, capacity 74886K, committed 75028K, reserved 1114112K
  class space    used 9286K, capacity 10179K, committed 10300K, reserved 1048576K
Event: 217.322 GC heap after
Heap after GC invocations=20 (full 3):
 PSYoungGen      total 285184K, used 20031K [0x00000000e0000000, 0x00000000f4d00000, 0x0000000100000000)
  eden space 258560K, 0% used [0x00000000e0000000,0x00000000e0000000,0x00000000efc80000)
  from space 26624K, 75% used [0x00000000efc80000,0x00000000f100fec0,0x00000000f1680000)
  to   space 28160K, 0% used [0x00000000f3180000,0x00000000f3180000,0x00000000f4d00000)
 ParOldGen       total 95232K, used 61456K [0x00000000a0000000, 0x00000000a5d00000, 0x00000000e0000000)
  object space 95232K, 64% used [0x00000000a0000000,0x00000000a3c042f8,0x00000000a5d00000)
 Metaspace       used 71239K, capacity 74886K, committed 75028K, reserved 1114112K
  class space    used 9286K, capacity 10179K, committed 10300K, reserved 1048576K
}
Event: 2932.244 GC heap before
{Heap before GC invocations=21 (full 3):
 PSYoungGen      total 285184K, used 278591K [0x00000000e0000000, 0x00000000f4d00000, 0x0000000100000000)
  eden space 258560K, 100% used [0x00000000e0000000,0x00000000efc80000,0x00000000efc80000)
  from space 26624K, 75% used [0x00000000efc80000,0x00000000f100fec0,0x00000000f1680000)
  to   space 28160K, 0% used [0x00000000f3180000,0x00000000f3180000,0x00000000f4d00000)
 ParOldGen       total 95232K, used 61456K [0x00000000a0000000, 0x00000000a5d00000, 0x00000000e0000000)
  object space 95232K, 64% used [0x00000000a0000000,0x00000000a3c042f8,0x00000000a5d00000)
 Metaspace       used 77375K, capacity 81388K, committed 81684K, reserved 1120256K
  class space    used 9981K, capacity 10966K, committed 11068K, reserved 1048576K
Event: 2932.369 GC heap after
Heap after GC invocations=21 (full 3):
 PSYoungGen      total 302592K, used 16063K [0x00000000e0000000, 0x00000000f4800000, 0x0000000100000000)
  eden space 279552K, 0% used [0x00000000e0000000,0x00000000e0000000,0x00000000f1100000)
  from space 23040K, 69% used [0x00000000f3180000,0x00000000f412fcd8,0x00000000f4800000)
  to   space 28160K, 0% used [0x00000000f1100000,0x00000000f1100000,0x00000000f2c80000)
 ParOldGen       total 95232K, used 61464K [0x00000000a0000000, 0x00000000a5d00000, 0x00000000e0000000)
  object space 95232K, 64% used [0x00000000a0000000,0x00000000a3c062f8,0x00000000a5d00000)
 Metaspace       used 77375K, capacity 81388K, committed 81684K, reserved 1120256K
  class space    used 9981K, capacity 10966K, committed 11068K, reserved 1048576K
}
Event: 2937.266 GC heap before
{Heap before GC invocations=22 (full 3):
 PSYoungGen      total 302592K, used 295615K [0x00000000e0000000, 0x00000000f4800000, 0x0000000100000000)
  eden space 279552K, 100% used [0x00000000e0000000,0x00000000f1100000,0x00000000f1100000)
  from space 23040K, 69% used [0x00000000f3180000,0x00000000f412fcd8,0x00000000f4800000)
  to   space 28160K, 0% used [0x00000000f1100000,0x00000000f1100000,0x00000000f2c80000)
 ParOldGen       total 95232K, used 61464K [0x00000000a0000000, 0x00000000a5d00000, 0x00000000e0000000)
  object space 95232K, 64% used [0x00000000a0000000,0x00000000a3c062f8,0x00000000a5d00000)
 Metaspace       used 80982K, capacity 85116K, committed 85268K, reserved 1124352K
  class space    used 10334K, capacity 11310K, committed 11324K, reserved 1048576K
Event: 2937.499 GC heap after
Heap after GC invocations=22 (full 3):
 PSYoungGen      total 307712K, used 28145K [0x00000000e0000000, 0x00000000f7480000, 0x0000000100000000)
  eden space 279552K, 0% used [0x00000000e0000000,0x00000000e0000000,0x00000000f1100000)
  from space 28160K, 99% used [0x00000000f1100000,0x00000000f2c7c568,0x00000000f2c80000)
  to   space 34304K, 0% used [0x00000000f5300000,0x00000000f5300000,0x00000000f7480000)
 ParOldGen       total 95232K, used 66456K [0x00000000a0000000, 0x00000000a5d00000, 0x00000000e0000000)
  object space 95232K, 69% used [0x00000000a0000000,0x00000000a40e6390,0x00000000a5d00000)
 Metaspace       used 80982K, capacity 85116K, committed 85268K, reserved 1124352K
  class space    used 10334K, capacity 11310K, committed 11324K, reserved 1048576K
}
Event: 2940.231 GC heap before
{Heap before GC invocations=23 (full 3):
 PSYoungGen      total 307712K, used 307697K [0x00000000e0000000, 0x00000000f7480000, 0x0000000100000000)
  eden space 279552K, 100% used [0x00000000e0000000,0x00000000f1100000,0x00000000f1100000)
  from space 28160K, 99% used [0x00000000f1100000,0x00000000f2c7c568,0x00000000f2c80000)
  to   space 34304K, 0% used [0x00000000f5300000,0x00000000f5300000,0x00000000f7480000)
 ParOldGen       total 95232K, used 66456K [0x00000000a0000000, 0x00000000a5d00000, 0x00000000e0000000)
  object space 95232K, 69% used [0x00000000a0000000,0x00000000a40e6390,0x00000000a5d00000)
 Metaspace       used 81343K, capacity 85486K, committed 85652K, reserved 1124352K
  class space    used 10341K, capacity 11345K, committed 11452K, reserved 1048576K
Event: 2940.312 GC heap after
Heap after GC invocations=23 (full 3):
 PSYoungGen      total 345088K, used 25708K [0x00000000e0000000, 0x00000000f7a80000, 0x0000000100000000)
  eden space 310784K, 0% used [0x00000000e0000000,0x00000000e0000000,0x00000000f2f80000)
  from space 34304K, 74% used [0x00000000f5300000,0x00000000f6c1b200,0x00000000f7480000)
  to   space 36352K, 0% used [0x00000000f2f80000,0x00000000f2f80000,0x00000000f5300000)
 ParOldGen       total 95232K, used 71311K [0x00000000a0000000, 0x00000000a5d00000, 0x00000000e0000000)
  object space 95232K, 74% used [0x00000000a0000000,0x00000000a45a3d60,0x00000000a5d00000)
 Metaspace       used 81343K, capacity 85486K, committed 85652K, reserved 1124352K
  class space    used 10341K, capacity 11345K, committed 11452K, reserved 1048576K
}
Event: 2942.605 GC heap before
{Heap before GC invocations=24 (full 3):
 PSYoungGen      total 345088K, used 336492K [0x00000000e0000000, 0x00000000f7a80000, 0x0000000100000000)
  eden space 310784K, 100% used [0x00000000e0000000,0x00000000f2f80000,0x00000000f2f80000)
  from space 34304K, 74% used [0x00000000f5300000,0x00000000f6c1b200,0x00000000f7480000)
  to   space 36352K, 0% used [0x00000000f2f80000,0x00000000f2f80000,0x00000000f5300000)
 ParOldGen       total 95232K, used 71311K [0x00000000a0000000, 0x00000000a5d00000, 0x00000000e0000000)
  object space 95232K, 74% used [0x00000000a0000000,0x00000000a45a3d60,0x00000000a5d00000)
 Metaspace       used 81615K, capacity 85814K, committed 86164K, reserved 1124352K
  class space    used 10341K, capacity 11345K, committed 11452K, reserved 1048576K

