# JRE version: OpenJDK Runtime Environment (8.0_152-b01) (build 1.8.0_152-release-915-b01)
# Java VM: OpenJDK 64-Bit Server VM (25.152-b01 mixed mode linux-amd64 compressed oops)
Heap:
 PSYoungGen      total 277504K, used 27900K [0x00000000e0000000, 0x00000000f5800000, 0x0000000100000000)
  eden space 235008K, 0% used [0x00000000e0000000,0x00000000e0000000,0x00000000ee580000)
  from space 42496K, 65% used [0x00000000f2e80000,0x00000000f49bf250,0x00000000f5800000)
  to   space 33792K, 0% used [0x00000000ee580000,0x00000000ee580000,0x00000000f0680000)
 ParOldGen       total 89088K, used 57140K [0x00000000a0000000, 0x00000000a5700000, 0x00000000e0000000)
  object space 89088K, 64% used [0x00000000a0000000,0x00000000a37cd3e0,0x00000000a5700000)
 Metaspace       used 87472K, capacity 90802K, committed 90968K, reserved 1128448K
  class space    used 11119K, capacity 11842K, committed 11904K, reserved 1048576K
GC Heap History (10 events):
Event: 768.186 GC heap after
Heap after GC invocations=20 (full 3):
 PSYoungGen      total 220160K, used 23469K [0x00000000e0000000, 0x00000000f0e00000, 0x0000000100000000)
  eden space 193024K, 0% used [0x00000000e0000000,0x00000000e0000000,0x00000000ebc80000)
  from space 27136K, 86% used [0x00000000ebc80000,0x00000000ed36b7c8,0x00000000ed700000)
  to   space 29696K, 0% used [0x00000000ef100000,0x00000000ef100000,0x00000000f0e00000)
 ParOldGen       total 89088K, used 34034K [0x00000000a0000000, 0x00000000a5700000, 0x00000000e0000000)
  object space 89088K, 38% used [0x00000000a0000000,0x00000000a213c958,0x00000000a5700000)
 Metaspace       used 70504K, capacity 73262K, committed 73560K, reserved 1114112K
  class space    used 9164K, capacity 9794K, committed 9856K, reserved 1048576K
}
Event: 770.040 GC heap before
{Heap before GC invocations=21 (full 3):
 PSYoungGen      total 220160K, used 216250K [0x00000000e0000000, 0x00000000f0e00000, 0x0000000100000000)
  eden space 193024K, 99% used [0x00000000e0000000,0x00000000ebc430e0,0x00000000ebc80000)
  from space 27136K, 86% used [0x00000000ebc80000,0x00000000ed36b7c8,0x00000000ed700000)
  to   space 29696K, 0% used [0x00000000ef100000,0x00000000ef100000,0x00000000f0e00000)
 ParOldGen       total 89088K, used 34034K [0x00000000a0000000, 0x00000000a5700000, 0x00000000e0000000)
  object space 89088K, 38% used [0x00000000a0000000,0x00000000a213c958,0x00000000a5700000)
 Metaspace       used 71597K, capacity 74364K, committed 74584K, reserved 1114112K
  class space    used 9203K, capacity 9843K, committed 9856K, reserved 1048576K
Event: 770.075 GC heap after
Heap after GC invocations=21 (full 3):
 PSYoungGen      total 243200K, used 26108K [0x00000000e0000000, 0x00000000f1700000, 0x0000000100000000)
  eden space 213504K, 0% used [0x00000000e0000000,0x00000000e0000000,0x00000000ed080000)
  from space 29696K, 87% used [0x00000000ef100000,0x00000000f0a7f0b8,0x00000000f0e00000)
  to   space 33280K, 0% used [0x00000000ed080000,0x00000000ed080000,0x00000000ef100000)
 ParOldGen       total 89088K, used 38379K [0x00000000a0000000, 0x00000000a5700000, 0x00000000e0000000)
  object space 89088K, 43% used [0x00000000a0000000,0x00000000a257af30,0x00000000a5700000)
 Metaspace       used 71597K, capacity 74364K, committed 74584K, reserved 1114112K
  class space    used 9203K, capacity 9843K, committed 9856K, reserved 1048576K
}
Event: 1106.827 GC heap before
{Heap before GC invocations=22 (full 3):
 PSYoungGen      total 243200K, used 239612K [0x00000000e0000000, 0x00000000f1700000, 0x0000000100000000)
  eden space 213504K, 100% used [0x00000000e0000000,0x00000000ed080000,0x00000000ed080000)
  from space 29696K, 87% used [0x00000000ef100000,0x00000000f0a7f0b8,0x00000000f0e00000)
  to   space 33280K, 0% used [0x00000000ed080000,0x00000000ed080000,0x00000000ef100000)
 ParOldGen       total 89088K, used 38379K [0x00000000a0000000, 0x00000000a5700000, 0x00000000e0000000)
  object space 89088K, 43% used [0x00000000a0000000,0x00000000a257af30,0x00000000a5700000)
 Metaspace       used 71804K, capacity 74656K, committed 74968K, reserved 1114112K
  class space    used 9220K, capacity 9891K, committed 9984K, reserved 1048576K
Event: 1106.861 GC heap after
Heap after GC invocations=22 (full 3):
 PSYoungGen      total 246784K, used 15681K [0x00000000e0000000, 0x00000000f2580000, 0x0000000100000000)
  eden space 213504K, 0% used [0x00000000e0000000,0x00000000e0000000,0x00000000ed080000)
  from space 33280K, 47% used [0x00000000ed080000,0x00000000edfd0508,0x00000000ef100000)
  to   space 31744K, 0% used [0x00000000f0680000,0x00000000f0680000,0x00000000f2580000)
 ParOldGen       total 89088K, used 38387K [0x00000000a0000000, 0x00000000a5700000, 0x00000000e0000000)
  object space 89088K, 43% used [0x00000000a0000000,0x00000000a257cf30,0x00000000a5700000)
 Metaspace       used 71804K, capacity 74656K, committed 74968K, reserved 1114112K
  class space    used 9220K, capacity 9891K, committed 9984K, reserved 1048576K
}
Event: 1110.103 GC heap before
{Heap before GC invocations=23 (full 3):
 PSYoungGen      total 246784K, used 229126K [0x00000000e0000000, 0x00000000f2580000, 0x0000000100000000)
  eden space 213504K, 99% used [0x00000000e0000000,0x00000000ed071388,0x00000000ed080000)
  from space 33280K, 47% used [0x00000000ed080000,0x00000000edfd0508,0x00000000ef100000)
  to   space 31744K, 0% used [0x00000000f0680000,0x00000000f0680000,0x00000000f2580000)
 ParOldGen       total 89088K, used 38387K [0x00000000a0000000, 0x00000000a5700000, 0x00000000e0000000)
  object space 89088K, 43% used [0x00000000a0000000,0x00000000a257cf30,0x00000000a5700000)
 Metaspace       used 75875K, capacity 78922K, committed 79192K, reserved 1118208K
  class space    used 9583K, capacity 10282K, committed 10368K, reserved 1048576K
Event: 1110.147 GC heap after
Heap after GC invocations=23 (full 3):
 PSYoungGen      total 266752K, used 24624K [0x00000000e0000000, 0x00000000f2a80000, 0x0000000100000000)
  eden space 235008K, 0% used [0x00000000e0000000,0x00000000e0000000,0x00000000ee580000)
  from space 31744K, 77% used [0x00000000f0680000,0x00000000f1e8c350,0x00000000f2580000)
  to   space 33792K, 0% used [0x00000000ee580000,0x00000000ee580000,0x00000000f0680000)
 ParOldGen       total 89088K, used 38395K [0x00000000a0000000, 0x00000000a5700000, 0x00000000e0000000)
  object space 89088K, 43% used [0x00000000a0000000,0x00000000a257ef30,0x00000000a5700000)
 Metaspace       used 75875K, capacity 78922K, committed 79192K, reserved 1118208K
  class space    used 9583K, capacity 10282K, committed 10368K, reserved 1048576K
}
Event: 1111.698 GC heap before
{Heap before GC invocations=24 (full 3):
 PSYoungGen      total 266752K, used 245098K [0x00000000e0000000, 0x00000000f2a80000, 0x0000000100000000)
  eden space 235008K, 93% used [0x00000000e0000000,0x00000000ed74e7a8,0x00000000ee580000)
  from space 31744K, 77% used [0x00000000f0680000,0x00000000f1e8c350,0x00000000f2580000)
  to   space 33792K, 0% used [0x00000000ee580000,0x00000000ee580000,0x00000000f0680000)
 ParOldGen       total 89088K, used 38395K [0x00000000a0000000, 0x00000000a5700000, 0x00000000e0000000)
  object space 89088K, 43% used [0x00000000a0000000,0x00000000a257ef30,0x00000000a5700000)
 Metaspace       used 86050K, capacity 89272K, committed 89432K, reserved 1126400K
  class space    used 10925K, capacity 11621K, committed 11648K, reserved 1048576K
Event: 1111.739 GC heap after
Heap after GC invocations=24 (full 3):
 PSYoungGen      total 268800K, used 33763K [0x00000000e0000000, 0x00000000f5800000, 0x0000000100000000)
  eden space 235008K, 0% used [0x00000000e0000000,0x00000000e0000000,0x00000000ee580000)
  from space 33792K, 99% used [0x00000000ee580000,0x00000000f0678d78,0x00000000f0680000)
  to   space 42496K, 0% used [0x00000000f2e80000,0x00000000f2e80000,0x00000000f5800000)
 ParOldGen       total 89088K, used 48448K [0x00000000a0000000, 0x00000000a5700000, 0x00000000e0000000)
  object space 89088K, 54% used [0x00000000a0000000,0x00000000a2f500c8,0x00000000a5700000)
 Metaspace       used 86050K, capacity 89272K, committed 89432K, reserved 1126400K
  class space    used 10925K, capacity 11621K, committed 11648K, reserved 1048576K
}
Event: 1112.096 GC heap before
{Heap before GC invocations=25 (full 3):
 PSYoungGen      total 268800K, used 268593K [0x00000000e0000000, 0x00000000f5800000, 0x0000000100000000)
  eden space 235008K, 99% used [0x00000000e0000000,0x00000000ee553718,0x00000000ee580000)
  from space 33792K, 99% used [0x00000000ee580000,0x00000000f0678d78,0x00000000f0680000)
  to   space 42496K, 0% used [0x00000000f2e80000,0x00000000f2e80000,0x00000000f5800000)
 ParOldGen       total 89088K, used 48448K [0x00000000a0000000, 0x00000000a5700000, 0x00000000e0000000)
  object space 89088K, 54% used [0x00000000a0000000,0x00000000a2f500c8,0x00000000a5700000)
 Metaspace       used 87472K, capacity 90802K, committed 90968K, reserved 1128448K
  class space    used 11119K, capacity 11842K, committed 11904K, reserved 1048576K

