# JRE version: OpenJDK Runtime Environment (8.0_152-b01) (build 1.8.0_152-release-915-b01)
# Java VM: OpenJDK 64-Bit Server VM (25.152-b01 mixed mode linux-amd64 compressed oops)
Heap:
 PSYoungGen      total 413184K, used 21720K [0x00000000e0000000, 0x00000000fcc00000, 0x0000000100000000)
  eden space 388608K, 0% used [0x00000000e0000000,0x00000000e0000000,0x00000000f7b80000)
  from space 24576K, 88% used [0x00000000f7b80000,0x00000000f90b6380,0x00000000f9380000)
  to   space 25600K, 0% used [0x00000000f9380000,0x00000000f9380000,0x00000000fac80000)
 ParOldGen       total 86016K, used 68221K [0x00000000a0000000, 0x00000000a5400000, 0x00000000e0000000)
  object space 86016K, 79% used [0x00000000a0000000,0x00000000a429f5a0,0x00000000a5400000)
 Metaspace       used 72819K, capacity 75814K, committed 75992K, reserved 1116160K
  class space    used 9244K, capacity 9944K, committed 9984K, reserved 1048576K
GC Heap History (10 events):
Event: 13.910 GC heap after
Heap after GC invocations=15 (full 3):
 PSYoungGen      total 252416K, used 5569K [0x00000000e0000000, 0x00000000f2000000, 0x0000000100000000)
  eden space 237568K, 0% used [0x00000000e0000000,0x00000000e0000000,0x00000000ee800000)
  from space 14848K, 37% used [0x00000000f0100000,0x00000000f06705a0,0x00000000f0f80000)
  to   space 25600K, 0% used [0x00000000ee800000,0x00000000ee800000,0x00000000f0100000)
 ParOldGen       total 86016K, used 44870K [0x00000000a0000000, 0x00000000a5400000, 0x00000000e0000000)
  object space 86016K, 52% used [0x00000000a0000000,0x00000000a2bd1828,0x00000000a5400000)
 Metaspace       used 53544K, capacity 55176K, committed 55256K, reserved 1097728K
  class space    used 7223K, capacity 7625K, committed 7680K, reserved 1048576K
}
Event: 111.996 GC heap before
{Heap before GC invocations=16 (full 3):
 PSYoungGen      total 252416K, used 243137K [0x00000000e0000000, 0x00000000f2000000, 0x0000000100000000)
  eden space 237568K, 100% used [0x00000000e0000000,0x00000000ee800000,0x00000000ee800000)
  from space 14848K, 37% used [0x00000000f0100000,0x00000000f06705a0,0x00000000f0f80000)
  to   space 25600K, 0% used [0x00000000ee800000,0x00000000ee800000,0x00000000f0100000)
 ParOldGen       total 86016K, used 44870K [0x00000000a0000000, 0x00000000a5400000, 0x00000000e0000000)
  object space 86016K, 52% used [0x00000000a0000000,0x00000000a2bd1828,0x00000000a5400000)
 Metaspace       used 64463K, capacity 66746K, committed 66776K, reserved 1107968K
  class space    used 8410K, capacity 8954K, committed 8960K, reserved 1048576K
Event: 112.067 GC heap after
Heap after GC invocations=16 (full 3):
 PSYoungGen      total 263168K, used 16503K [0x00000000e0000000, 0x00000000f6700000, 0x0000000100000000)
  eden space 237568K, 0% used [0x00000000e0000000,0x00000000e0000000,0x00000000ee800000)
  from space 25600K, 64% used [0x00000000ee800000,0x00000000ef81dc48,0x00000000f0100000)
  to   space 26624K, 0% used [0x00000000f4d00000,0x00000000f4d00000,0x00000000f6700000)
 ParOldGen       total 86016K, used 48254K [0x00000000a0000000, 0x00000000a5400000, 0x00000000e0000000)
  object space 86016K, 56% used [0x00000000a0000000,0x00000000a2f1f838,0x00000000a5400000)
 Metaspace       used 64463K, capacity 66746K, committed 66776K, reserved 1107968K
  class space    used 8410K, capacity 8954K, committed 8960K, reserved 1048576K
}
Event: 116.838 GC heap before
{Heap before GC invocations=17 (full 3):
 PSYoungGen      total 263168K, used 254071K [0x00000000e0000000, 0x00000000f6700000, 0x0000000100000000)
  eden space 237568K, 100% used [0x00000000e0000000,0x00000000ee800000,0x00000000ee800000)
  from space 25600K, 64% used [0x00000000ee800000,0x00000000ef81dc48,0x00000000f0100000)
  to   space 26624K, 0% used [0x00000000f4d00000,0x00000000f4d00000,0x00000000f6700000)
 ParOldGen       total 86016K, used 48254K [0x00000000a0000000, 0x00000000a5400000, 0x00000000e0000000)
  object space 86016K, 56% used [0x00000000a0000000,0x00000000a2f1f838,0x00000000a5400000)
 Metaspace       used 68473K, capacity 70912K, committed 71256K, reserved 1112064K
  class space    used 8712K, capacity 9271K, committed 9344K, reserved 1048576K
Event: 116.879 GC heap after
Heap after GC invocations=17 (full 3):
 PSYoungGen      total 321536K, used 10157K [0x00000000e0000000, 0x00000000f5c00000, 0x0000000100000000)
  eden space 306176K, 0% used [0x00000000e0000000,0x00000000e0000000,0x00000000f2b00000)
  from space 15360K, 66% used [0x00000000f4d00000,0x00000000f56eb408,0x00000000f5c00000)
  to   space 25088K, 0% used [0x00000000f2b00000,0x00000000f2b00000,0x00000000f4380000)
 ParOldGen       total 86016K, used 59794K [0x00000000a0000000, 0x00000000a5400000, 0x00000000e0000000)
  object space 86016K, 69% used [0x00000000a0000000,0x00000000a3a64a80,0x00000000a5400000)
 Metaspace       used 68473K, capacity 70912K, committed 71256K, reserved 1112064K
  class space    used 8712K, capacity 9271K, committed 9344K, reserved 1048576K
}
Event: 119.101 GC heap before
{Heap before GC invocations=18 (full 3):
 PSYoungGen      total 321536K, used 315322K [0x00000000e0000000, 0x00000000f5c00000, 0x0000000100000000)
  eden space 306176K, 99% used [0x00000000e0000000,0x00000000f2a03660,0x00000000f2b00000)
  from space 15360K, 66% used [0x00000000f4d00000,0x00000000f56eb408,0x00000000f5c00000)
  to   space 25088K, 0% used [0x00000000f2b00000,0x00000000f2b00000,0x00000000f4380000)
 ParOldGen       total 86016K, used 59794K [0x00000000a0000000, 0x00000000a5400000, 0x00000000e0000000)
  object space 86016K, 69% used [0x00000000a0000000,0x00000000a3a64a80,0x00000000a5400000)
 Metaspace       used 71080K, capacity 73782K, committed 73944K, reserved 1114112K
  class space    used 9044K, capacity 9682K, committed 9728K, reserved 1048576K
Event: 119.134 GC heap after
Heap after GC invocations=18 (full 3):
 PSYoungGen      total 331264K, used 15674K [0x00000000e0000000, 0x00000000fac80000, 0x0000000100000000)
  eden space 306176K, 0% used [0x00000000e0000000,0x00000000e0000000,0x00000000f2b00000)
  from space 25088K, 62% used [0x00000000f2b00000,0x00000000f3a4ea40,0x00000000f4380000)
  to   space 25600K, 0% used [0x00000000f9380000,0x00000000f9380000,0x00000000fac80000)
 ParOldGen       total 86016K, used 66683K [0x00000000a0000000, 0x00000000a5400000, 0x00000000e0000000)
  object space 86016K, 77% used [0x00000000a0000000,0x00000000a411efa0,0x00000000a5400000)
 Metaspace       used 71080K, capacity 73782K, committed 73944K, reserved 1114112K
  class space    used 9044K, capacity 9682K, committed 9728K, reserved 1048576K
}
Event: 119.181 GC heap before
{Heap before GC invocations=19 (full 3):
 PSYoungGen      total 331264K, used 320945K [0x00000000e0000000, 0x00000000fac80000, 0x0000000100000000)
  eden space 306176K, 99% used [0x00000000e0000000,0x00000000f2a1ddb0,0x00000000f2b00000)
  from space 25088K, 62% used [0x00000000f2b00000,0x00000000f3a4ea40,0x00000000f4380000)
  to   space 25600K, 0% used [0x00000000f9380000,0x00000000f9380000,0x00000000fac80000)
 ParOldGen       total 86016K, used 66683K [0x00000000a0000000, 0x00000000a5400000, 0x00000000e0000000)
  object space 86016K, 77% used [0x00000000a0000000,0x00000000a411efa0,0x00000000a5400000)
 Metaspace       used 71091K, capacity 73782K, committed 73944K, reserved 1114112K
  class space    used 9044K, capacity 9682K, committed 9728K, reserved 1048576K
Event: 119.191 GC heap after
Heap after GC invocations=19 (full 3):
 PSYoungGen      total 414208K, used 9077K [0x00000000e0000000, 0x00000000fcc00000, 0x0000000100000000)
  eden space 388608K, 0% used [0x00000000e0000000,0x00000000e0000000,0x00000000f7b80000)
  from space 25600K, 35% used [0x00000000f9380000,0x00000000f9c5d770,0x00000000fac80000)
  to   space 24576K, 0% used [0x00000000f7b80000,0x00000000f7b80000,0x00000000f9380000)
 ParOldGen       total 86016K, used 66691K [0x00000000a0000000, 0x00000000a5400000, 0x00000000e0000000)
  object space 86016K, 77% used [0x00000000a0000000,0x00000000a4120fa0,0x00000000a5400000)
 Metaspace       used 71091K, capacity 73782K, committed 73944K, reserved 1114112K
  class space    used 9044K, capacity 9682K, committed 9728K, reserved 1048576K
}
Event: 559.202 GC heap before
{Heap before GC invocations=20 (full 3):
 PSYoungGen      total 414208K, used 397685K [0x00000000e0000000, 0x00000000fcc00000, 0x0000000100000000)
  eden space 388608K, 100% used [0x00000000e0000000,0x00000000f7b80000,0x00000000f7b80000)
  from space 25600K, 35% used [0x00000000f9380000,0x00000000f9c5d770,0x00000000fac80000)
  to   space 24576K, 0% used [0x00000000f7b80000,0x00000000f7b80000,0x00000000f9380000)
 ParOldGen       total 86016K, used 66691K [0x00000000a0000000, 0x00000000a5400000, 0x00000000e0000000)
  object space 86016K, 77% used [0x00000000a0000000,0x00000000a4120fa0,0x00000000a5400000)
 Metaspace       used 72819K, capacity 75814K, committed 75992K, reserved 1116160K
  class space    used 9244K, capacity 9944K, committed 9984K, reserved 1048576K

