# JRE version: OpenJDK Runtime Environment (8.0_152-b01) (build 1.8.0_152-release-915-b01)
# Java VM: OpenJDK 64-Bit Server VM (25.152-b01 mixed mode linux-amd64 compressed oops)
Heap:
 PSYoungGen      total 290816K, used 9831K [0x00000000e0000000, 0x00000000f3780000, 0x0000000100000000)
  eden space 263680K, 0% used [0x00000000e0000000,0x00000000e0000000,0x00000000f0180000)
  from space 27136K, 36% used [0x00000000f0180000,0x00000000f0b19e78,0x00000000f1c00000)
  to   space 26624K, 0% used [0x00000000f1c00000,0x00000000f1c00000,0x00000000f3600000)
 ParOldGen       total 98304K, used 40445K [0x00000000a0000000, 0x00000000a6000000, 0x00000000e0000000)
  object space 98304K, 41% used [0x00000000a0000000,0x00000000a277f7b8,0x00000000a6000000)
 Metaspace       used 70507K, capacity 72462K, committed 72664K, reserved 1112064K
  class space    used 9284K, capacity 9720K, committed 9728K, reserved 1048576K
GC Heap History (10 events):
Event: 12.440 GC heap after
Heap after GC invocations=17 (full 3):
 PSYoungGen      total 177152K, used 20988K [0x00000000e0000000, 0x00000000ec800000, 0x0000000100000000)
  eden space 155648K, 0% used [0x00000000e0000000,0x00000000e0000000,0x00000000e9800000)
  from space 21504K, 97% used [0x00000000eb200000,0x00000000ec67f090,0x00000000ec700000)
  to   space 24576K, 0% used [0x00000000e9800000,0x00000000e9800000,0x00000000eb000000)
 ParOldGen       total 98304K, used 36095K [0x00000000a0000000, 0x00000000a6000000, 0x00000000e0000000)
  object space 98304K, 36% used [0x00000000a0000000,0x00000000a233fea0,0x00000000a6000000)
 Metaspace       used 65259K, capacity 66920K, committed 67288K, reserved 1107968K
  class space    used 8688K, capacity 9091K, committed 9216K, reserved 1048576K
}
Event: 12.600 GC heap before
{Heap before GC invocations=18 (full 3):
 PSYoungGen      total 177152K, used 140743K [0x00000000e0000000, 0x00000000ec800000, 0x0000000100000000)
  eden space 155648K, 76% used [0x00000000e0000000,0x00000000e74f2de0,0x00000000e9800000)
  from space 21504K, 97% used [0x00000000eb200000,0x00000000ec67f090,0x00000000ec700000)
  to   space 24576K, 0% used [0x00000000e9800000,0x00000000e9800000,0x00000000eb000000)
 ParOldGen       total 98304K, used 36095K [0x00000000a0000000, 0x00000000a6000000, 0x00000000e0000000)
  object space 98304K, 36% used [0x00000000a0000000,0x00000000a233fea0,0x00000000a6000000)
 Metaspace       used 66424K, capacity 68122K, committed 68440K, reserved 1107968K
  class space    used 8831K, capacity 9268K, committed 9344K, reserved 1048576K
Event: 12.615 GC heap after
Heap after GC invocations=18 (full 3):
 PSYoungGen      total 180224K, used 15631K [0x00000000e0000000, 0x00000000efb80000, 0x0000000100000000)
  eden space 155648K, 0% used [0x00000000e0000000,0x00000000e0000000,0x00000000e9800000)
  from space 24576K, 63% used [0x00000000e9800000,0x00000000ea743d08,0x00000000eb000000)
  to   space 25088K, 0% used [0x00000000ee300000,0x00000000ee300000,0x00000000efb80000)
 ParOldGen       total 98304K, used 36103K [0x00000000a0000000, 0x00000000a6000000, 0x00000000e0000000)
  object space 98304K, 36% used [0x00000000a0000000,0x00000000a2341ea0,0x00000000a6000000)
 Metaspace       used 66424K, capacity 68122K, committed 68440K, reserved 1107968K
  class space    used 8831K, capacity 9268K, committed 9344K, reserved 1048576K
}
Event: 12.737 GC heap before
{Heap before GC invocations=19 (full 3):
 PSYoungGen      total 180224K, used 132308K [0x00000000e0000000, 0x00000000efb80000, 0x0000000100000000)
  eden space 155648K, 74% used [0x00000000e0000000,0x00000000e71f1488,0x00000000e9800000)
  from space 24576K, 63% used [0x00000000e9800000,0x00000000ea743d08,0x00000000eb000000)
  to   space 25088K, 0% used [0x00000000ee300000,0x00000000ee300000,0x00000000efb80000)
 ParOldGen       total 98304K, used 36103K [0x00000000a0000000, 0x00000000a6000000, 0x00000000e0000000)
  object space 98304K, 36% used [0x00000000a0000000,0x00000000a2341ea0,0x00000000a6000000)
 Metaspace       used 66617K, capacity 68352K, committed 68696K, reserved 1107968K
  class space    used 8858K, capacity 9275K, committed 9344K, reserved 1048576K
Event: 12.750 GC heap after
Heap after GC invocations=19 (full 3):
 PSYoungGen      total 231936K, used 15797K [0x00000000e0000000, 0x00000000f0300000, 0x0000000100000000)
  eden space 206848K, 0% used [0x00000000e0000000,0x00000000e0000000,0x00000000eca00000)
  from space 25088K, 62% used [0x00000000ee300000,0x00000000ef26d7f0,0x00000000efb80000)
  to   space 25600K, 0% used [0x00000000eca00000,0x00000000eca00000,0x00000000ee300000)
 ParOldGen       total 98304K, used 36111K [0x00000000a0000000, 0x00000000a6000000, 0x00000000e0000000)
  object space 98304K, 36% used [0x00000000a0000000,0x00000000a2343ea0,0x00000000a6000000)
 Metaspace       used 66617K, capacity 68352K, committed 68696K, reserved 1107968K
  class space    used 8858K, capacity 9275K, committed 9344K, reserved 1048576K
}
Event: 13.068 GC heap before
{Heap before GC invocations=20 (full 3):
 PSYoungGen      total 231936K, used 194383K [0x00000000e0000000, 0x00000000f0300000, 0x0000000100000000)
  eden space 206848K, 86% used [0x00000000e0000000,0x00000000eae667e0,0x00000000eca00000)
  from space 25088K, 62% used [0x00000000ee300000,0x00000000ef26d7f0,0x00000000efb80000)
  to   space 25600K, 0% used [0x00000000eca00000,0x00000000eca00000,0x00000000ee300000)
 ParOldGen       total 98304K, used 36111K [0x00000000a0000000, 0x00000000a6000000, 0x00000000e0000000)
  object space 98304K, 36% used [0x00000000a0000000,0x00000000a2343ea0,0x00000000a6000000)
 Metaspace       used 68284K, capacity 70016K, committed 70232K, reserved 1110016K
  class space    used 9099K, capacity 9525K, committed 9600K, reserved 1048576K
Event: 13.116 GC heap after
Heap after GC invocations=20 (full 3):
 PSYoungGen      total 232448K, used 17677K [0x00000000e0000000, 0x00000000f3600000, 0x0000000100000000)
  eden space 206848K, 0% used [0x00000000e0000000,0x00000000e0000000,0x00000000eca00000)
  from space 25600K, 69% used [0x00000000eca00000,0x00000000edb43770,0x00000000ee300000)
  to   space 26624K, 0% used [0x00000000f1c00000,0x00000000f1c00000,0x00000000f3600000)
 ParOldGen       total 98304K, used 36119K [0x00000000a0000000, 0x00000000a6000000, 0x00000000e0000000)
  object space 98304K, 36% used [0x00000000a0000000,0x00000000a2345ea0,0x00000000a6000000)
 Metaspace       used 68284K, capacity 70016K, committed 70232K, reserved 1110016K
  class space    used 9099K, capacity 9525K, committed 9600K, reserved 1048576K
}
Event: 13.365 GC heap before
{Heap before GC invocations=21 (full 3):
 PSYoungGen      total 232448K, used 193881K [0x00000000e0000000, 0x00000000f3600000, 0x0000000100000000)
  eden space 206848K, 85% used [0x00000000e0000000,0x00000000eac12f70,0x00000000eca00000)
  from space 25600K, 69% used [0x00000000eca00000,0x00000000edb43770,0x00000000ee300000)
  to   space 26624K, 0% used [0x00000000f1c00000,0x00000000f1c00000,0x00000000f3600000)
 ParOldGen       total 98304K, used 36119K [0x00000000a0000000, 0x00000000a6000000, 0x00000000e0000000)
  object space 98304K, 36% used [0x00000000a0000000,0x00000000a2345ea0,0x00000000a6000000)
 Metaspace       used 68724K, capacity 70520K, committed 70744K, reserved 1110016K
  class space    used 9153K, capacity 9599K, committed 9600K, reserved 1048576K
Event: 13.386 GC heap after
Heap after GC invocations=21 (full 3):
 PSYoungGen      total 290304K, used 17537K [0x00000000e0000000, 0x00000000f3780000, 0x0000000100000000)
  eden space 263680K, 0% used [0x00000000e0000000,0x00000000e0000000,0x00000000f0180000)
  from space 26624K, 65% used [0x00000000f1c00000,0x00000000f2d20760,0x00000000f3600000)
  to   space 27136K, 0% used [0x00000000f0180000,0x00000000f0180000,0x00000000f1c00000)
 ParOldGen       total 98304K, used 36127K [0x00000000a0000000, 0x00000000a6000000, 0x00000000e0000000)
  object space 98304K, 36% used [0x00000000a0000000,0x00000000a2347ea0,0x00000000a6000000)
 Metaspace       used 68724K, capacity 70520K, committed 70744K, reserved 1110016K
  class space    used 9153K, capacity 9599K, committed 9600K, reserved 1048576K
}
Event: 14.763 GC heap before
{Heap before GC invocations=22 (full 3):
 PSYoungGen      total 290304K, used 271778K [0x00000000e0000000, 0x00000000f3780000, 0x0000000100000000)
  eden space 263680K, 96% used [0x00000000e0000000,0x00000000ef8481e8,0x00000000f0180000)
  from space 26624K, 65% used [0x00000000f1c00000,0x00000000f2d20760,0x00000000f3600000)
  to   space 27136K, 0% used [0x00000000f0180000,0x00000000f0180000,0x00000000f1c00000)
 ParOldGen       total 98304K, used 36127K [0x00000000a0000000, 0x00000000a6000000, 0x00000000e0000000)
  object space 98304K, 36% used [0x00000000a0000000,0x00000000a2347ea0,0x00000000a6000000)
 Metaspace       used 70507K, capacity 72462K, committed 72664K, reserved 1112064K
  class space    used 9284K, capacity 9720K, committed 9728K, reserved 1048576K

