# JRE version: OpenJDK Runtime Environment (8.0_152-b01) (build 1.8.0_152-release-915-b01)
# Java VM: OpenJDK 64-Bit Server VM (25.152-b01 mixed mode linux-amd64 compressed oops)
Heap:
 PSYoungGen      total 413184K, used 30796K [0x00000000e0000000, 0x00000000fba80000, 0x0000000100000000)
  eden space 374272K, 0% used [0x00000000e0000000,0x00000000e0000000,0x00000000f6d80000)
  from space 38912K, 79% used [0x00000000f6d80000,0x00000000f8b930e0,0x00000000f9380000)
  to   space 39936K, 0% used [0x00000000f9380000,0x00000000f9380000,0x00000000fba80000)
 ParOldGen       total 145408K, used 85560K [0x00000000a0000000, 0x00000000a8e00000, 0x00000000e0000000)
  object space 145408K, 58% used [0x00000000a0000000,0x00000000a538e2d8,0x00000000a8e00000)
 Metaspace       used 95074K, capacity 98998K, committed 99160K, reserved 1136640K
  class space    used 11996K, capacity 12885K, committed 12928K, reserved 1048576K
GC Heap History (10 events):
Event: 136.620 GC heap after
Heap after GC invocations=18 (full 3):
 PSYoungGen      total 284672K, used 26592K [0x00000000e0000000, 0x00000000f7300000, 0x0000000100000000)
  eden space 258048K, 0% used [0x00000000e0000000,0x00000000e0000000,0x00000000efc00000)
  from space 26624K, 99% used [0x00000000efc00000,0x00000000f15f8170,0x00000000f1600000)
  to   space 35328K, 0% used [0x00000000f5080000,0x00000000f5080000,0x00000000f7300000)
 ParOldGen       total 84992K, used 53150K [0x00000000a0000000, 0x00000000a5300000, 0x00000000e0000000)
  object space 84992K, 62% used [0x00000000a0000000,0x00000000a33e78e8,0x00000000a5300000)
 Metaspace       used 77070K, capacity 80556K, committed 80984K, reserved 1120256K
  class space    used 9952K, capacity 10762K, committed 10880K, reserved 1048576K
}
Event: 137.967 GC heap before
{Heap before GC invocations=19 (full 3):
 PSYoungGen      total 284672K, used 279881K [0x00000000e0000000, 0x00000000f7300000, 0x0000000100000000)
  eden space 258048K, 98% used [0x00000000e0000000,0x00000000ef75a2c0,0x00000000efc00000)
  from space 26624K, 99% used [0x00000000efc00000,0x00000000f15f8170,0x00000000f1600000)
  to   space 35328K, 0% used [0x00000000f5080000,0x00000000f5080000,0x00000000f7300000)
 ParOldGen       total 84992K, used 53150K [0x00000000a0000000, 0x00000000a5300000, 0x00000000e0000000)
  object space 84992K, 62% used [0x00000000a0000000,0x00000000a33e78e8,0x00000000a5300000)
 Metaspace       used 85456K, capacity 89154K, committed 89560K, reserved 1126400K
  class space    used 11061K, capacity 11911K, committed 12032K, reserved 1048576K
Event: 138.034 GC heap after
Heap after GC invocations=19 (full 3):
 PSYoungGen      total 343040K, used 24189K [0x00000000e0000000, 0x00000000f8800000, 0x0000000100000000)
  eden space 307712K, 0% used [0x00000000e0000000,0x00000000e0000000,0x00000000f2c80000)
  from space 35328K, 68% used [0x00000000f5080000,0x00000000f681f590,0x00000000f7300000)
  to   space 36864K, 0% used [0x00000000f2c80000,0x00000000f2c80000,0x00000000f5080000)
 ParOldGen       total 84992K, used 67893K [0x00000000a0000000, 0x00000000a5300000, 0x00000000e0000000)
  object space 84992K, 79% used [0x00000000a0000000,0x00000000a424d5e0,0x00000000a5300000)
 Metaspace       used 85456K, capacity 89154K, committed 89560K, reserved 1126400K
  class space    used 11061K, capacity 11911K, committed 12032K, reserved 1048576K
}
Event: 138.511 GC heap before
{Heap before GC invocations=20 (full 3):
 PSYoungGen      total 343040K, used 329134K [0x00000000e0000000, 0x00000000f8800000, 0x0000000100000000)
  eden space 307712K, 99% used [0x00000000e0000000,0x00000000f29cc360,0x00000000f2c80000)
  from space 35328K, 68% used [0x00000000f5080000,0x00000000f681f590,0x00000000f7300000)
  to   space 36864K, 0% used [0x00000000f2c80000,0x00000000f2c80000,0x00000000f5080000)
 ParOldGen       total 84992K, used 67893K [0x00000000a0000000, 0x00000000a5300000, 0x00000000e0000000)
  object space 84992K, 79% used [0x00000000a0000000,0x00000000a424d5e0,0x00000000a5300000)
 Metaspace       used 87550K, capacity 91334K, committed 91608K, reserved 1128448K
  class space    used 11368K, capacity 12239K, committed 12288K, reserved 1048576K
Event: 138.539 GC heap after
Heap after GC invocations=20 (full 3):
 PSYoungGen      total 344576K, used 30418K [0x00000000e0000000, 0x00000000fbb00000, 0x0000000100000000)
  eden space 307712K, 0% used [0x00000000e0000000,0x00000000e0000000,0x00000000f2c80000)
  from space 36864K, 82% used [0x00000000f2c80000,0x00000000f4a34a80,0x00000000f5080000)
  to   space 40448K, 0% used [0x00000000f9380000,0x00000000f9380000,0x00000000fbb00000)
 ParOldGen       total 84992K, used 67909K [0x00000000a0000000, 0x00000000a5300000, 0x00000000e0000000)
  object space 84992K, 79% used [0x00000000a0000000,0x00000000a42515e0,0x00000000a5300000)
 Metaspace       used 87550K, capacity 91334K, committed 91608K, reserved 1128448K
  class space    used 11368K, capacity 12239K, committed 12288K, reserved 1048576K
}
Event: 139.622 GC heap before
{Heap before GC invocations=21 (full 3):
 PSYoungGen      total 344576K, used 338130K [0x00000000e0000000, 0x00000000fbb00000, 0x0000000100000000)
  eden space 307712K, 100% used [0x00000000e0000000,0x00000000f2c80000,0x00000000f2c80000)
  from space 36864K, 82% used [0x00000000f2c80000,0x00000000f4a34a80,0x00000000f5080000)
  to   space 40448K, 0% used [0x00000000f9380000,0x00000000f9380000,0x00000000fbb00000)
 ParOldGen       total 84992K, used 67909K [0x00000000a0000000, 0x00000000a5300000, 0x00000000e0000000)
  object space 84992K, 79% used [0x00000000a0000000,0x00000000a42515e0,0x00000000a5300000)
 Metaspace       used 88777K, capacity 92650K, committed 92760K, reserved 1130496K
  class space    used 11465K, capacity 12353K, committed 12416K, reserved 1048576K
Event: 139.667 GC heap after
Heap after GC invocations=21 (full 3):
 PSYoungGen      total 414208K, used 11293K [0x00000000e0000000, 0x00000000fba80000, 0x0000000100000000)
  eden space 374272K, 0% used [0x00000000e0000000,0x00000000e0000000,0x00000000f6d80000)
  from space 39936K, 28% used [0x00000000f9380000,0x00000000f9e87660,0x00000000fba80000)
  to   space 38912K, 0% used [0x00000000f6d80000,0x00000000f6d80000,0x00000000f9380000)
 ParOldGen       total 85504K, used 85171K [0x00000000a0000000, 0x00000000a5380000, 0x00000000e0000000)
  object space 85504K, 99% used [0x00000000a0000000,0x00000000a532cec0,0x00000000a5380000)
 Metaspace       used 88777K, capacity 92650K, committed 92760K, reserved 1130496K
  class space    used 11465K, capacity 12353K, committed 12416K, reserved 1048576K
}
Event: 139.667 GC heap before
{Heap before GC invocations=22 (full 4):
 PSYoungGen      total 414208K, used 11293K [0x00000000e0000000, 0x00000000fba80000, 0x0000000100000000)
  eden space 374272K, 0% used [0x00000000e0000000,0x00000000e0000000,0x00000000f6d80000)
  from space 39936K, 28% used [0x00000000f9380000,0x00000000f9e87660,0x00000000fba80000)
  to   space 38912K, 0% used [0x00000000f6d80000,0x00000000f6d80000,0x00000000f9380000)
 ParOldGen       total 85504K, used 85171K [0x00000000a0000000, 0x00000000a5380000, 0x00000000e0000000)
  object space 85504K, 99% used [0x00000000a0000000,0x00000000a532cec0,0x00000000a5380000)
 Metaspace       used 88777K, capacity 92650K, committed 92760K, reserved 1130496K
  class space    used 11465K, capacity 12353K, committed 12416K, reserved 1048576K
Event: 140.206 GC heap after
Heap after GC invocations=22 (full 4):
 PSYoungGen      total 414208K, used 1473K [0x00000000e0000000, 0x00000000fba80000, 0x0000000100000000)
  eden space 374272K, 0% used [0x00000000e0000000,0x00000000e0000000,0x00000000f6d80000)
  from space 39936K, 3% used [0x00000000f9380000,0x00000000f94f0650,0x00000000fba80000)
  to   space 38912K, 0% used [0x00000000f6d80000,0x00000000f6d80000,0x00000000f9380000)
 ParOldGen       total 145408K, used 85120K [0x00000000a0000000, 0x00000000a8e00000, 0x00000000e0000000)
  object space 145408K, 58% used [0x00000000a0000000,0x00000000a53202d8,0x00000000a8e00000)
 Metaspace       used 88777K, capacity 92650K, committed 92760K, reserved 1130496K
  class space    used 11465K, capacity 12353K, committed 12416K, reserved 1048576K
}
Event: 145.074 GC heap before
{Heap before GC invocations=23 (full 4):
 PSYoungGen      total 414208K, used 375745K [0x00000000e0000000, 0x00000000fba80000, 0x0000000100000000)
  eden space 374272K, 100% used [0x00000000e0000000,0x00000000f6d80000,0x00000000f6d80000)
  from space 39936K, 3% used [0x00000000f9380000,0x00000000f94f0650,0x00000000fba80000)
  to   space 38912K, 0% used [0x00000000f6d80000,0x00000000f6d80000,0x00000000f9380000)
 ParOldGen       total 145408K, used 85120K [0x00000000a0000000, 0x00000000a8e00000, 0x00000000e0000000)
  object space 145408K, 58% used [0x00000000a0000000,0x00000000a53202d8,0x00000000a8e00000)
 Metaspace       used 95074K, capacity 98998K, committed 99160K, reserved 1136640K
  class space    used 11996K, capacity 12885K, committed 12928K, reserved 1048576K

